Build started 10. 3. 2019 15:02:02.
     1>Project "c:\Users\ivkap\OneDrive\dokumenty\visual studio 2013\Projects\monte-carlo\monte-carlo\monte-carlo.vcxproj" on node 2 (Build target(s)).
     1>ClCompile:
         C:\Program Files (x86)\Microsoft Visual Studio 12.0\VC\bin\CL.exe /c /ZI /nologo /W3 /WX- /sdl /Od /Oy- /D _MBCS /Gm /EHsc /RTC1 /MDd /GS /fp:precise /Zc:wchar_t /Zc:forScope /Fo"Debug\\" /Fd"Debug\vc120.pdb" /Gd /TC /analyze- /errorReport:prompt "monte-carlo.c"
         monte-carlo.c
     1>c:\users\ivkap\onedrive\dokumenty\visual studio 2013\projects\monte-carlo\monte-carlo\monte-carlo.c(102): warning C4068: unknown pragma
     1>c:\users\ivkap\onedrive\dokumenty\visual studio 2013\projects\monte-carlo\monte-carlo\monte-carlo.c(103): warning C4068: unknown pragma
     1>c:\users\ivkap\onedrive\dokumenty\visual studio 2013\projects\monte-carlo\monte-carlo\monte-carlo.c(134): warning C4068: unknown pragma
       Link:
         C:\Program Files (x86)\Microsoft Visual Studio 12.0\VC\bin\link.exe /ERRORREPORT:PROMPT /OUT:"c:\users\ivkap\onedrive\dokumenty\visual studio 2013\Projects\monte-carlo\Debug\monte-carlo.exe" /INCREMENTAL /NOLOGO pthreadVC2.lib kernel32.lib user32.lib gdi32.lib winspool.lib comdlg32.lib advapi32.lib shell32.lib ole32.lib oleaut32.lib uuid.lib odbc32.lib odbccp32.lib /MANIFEST /MANIFESTUAC:"level='asInvoker' uiAccess='false'" /manifest:embed /DEBUG /PDB:"c:\users\ivkap\onedrive\dokumenty\visual studio 2013\Projects\monte-carlo\Debug\monte-carlo.pdb" /TLBID:1 /DYNAMICBASE /NXCOMPAT /IMPLIB:"c:\users\ivkap\onedrive\dokumenty\visual studio 2013\Projects\monte-carlo\Debug\monte-carlo.lib" /MACHINE:X86 "Debug\monte-carlo.obj"
     1>monte-carlo.obj : error LNK2019: unresolved external symbol __imp__pthread_attr_init referenced in function _parallel
     1>monte-carlo.obj : error LNK2019: unresolved external symbol __imp__pthread_create referenced in function _parallel
     1>monte-carlo.obj : error LNK2019: unresolved external symbol __imp__pthread_join referenced in function _parallel
     1>monte-carlo.obj : error LNK2019: unresolved external symbol __imp__pthread_mutex_init referenced in function _parallel
     1>monte-carlo.obj : error LNK2019: unresolved external symbol __imp__pthread_mutex_lock referenced in function _my_thread_process
     1>monte-carlo.obj : error LNK2019: unresolved external symbol __imp__pthread_mutex_unlock referenced in function _my_thread_process
     1>c:\users\ivkap\onedrive\dokumenty\visual studio 2013\Projects\monte-carlo\Debug\monte-carlo.exe : fatal error LNK1120: 6 unresolved externals
     1>Done Building Project "c:\Users\ivkap\OneDrive\dokumenty\visual studio 2013\Projects\monte-carlo\monte-carlo\monte-carlo.vcxproj" (Build target(s)) -- FAILED.

Build FAILED.

Time Elapsed 00:00:03.33
