Build started 14-Mar-19 11:32:40 AM.
     1>Project "B:\4.LS\PPS\cvicenia\zadanie\parallel-universe\matrix-multiplication\MatrixMultiplication\MatrixMultiplication.vcxproj" on node 2 (Build target(s)).
     1>ClCompile:
         C:\Program Files (x86)\Microsoft Visual Studio 12.0\VC\bin\x86_amd64\CL.exe /c /I"B:\4.LS\PPS\cvicenia\zadanie\parallel-universe\matrix-multiplication\packages\pthreads.2.9.1.4\build\native\../..//build/native/include/" /Zi /nologo /W3 /WX- /sdl /O2 /Oi /GL /D HAS_PTHREAD /D WIN32 /D NDEBUG /D _CONSOLE /D _LIB /D _UNICODE /D UNICODE /Gm- /EHsc /MD /GS /Gy /fp:precise /Zc:wchar_t /Zc:forScope /Fo"x64\Release\\" /Fd"x64\Release\vc120.pdb" /Gd /TP /errorReport:prompt main.cpp
         main.cpp
     1>main.cpp(53): warning C4267: 'initializing' : conversion from 'size_t' to 'int', possible loss of data
     1>main.cpp(54): warning C4267: 'initializing' : conversion from 'size_t' to 'int', possible loss of data
     1>main.cpp(55): warning C4267: 'initializing' : conversion from 'size_t' to 'int', possible loss of data
     1>main.cpp(79): warning C4267: '=' : conversion from 'size_t' to 'int', possible loss of data
     1>main.cpp(84): warning C4267: '=' : conversion from 'size_t' to 'int', possible loss of data
     1>main.cpp(86): warning C4267: '=' : conversion from 'size_t' to 'int', possible loss of data
     1>main.cpp(88): warning C4267: 'initializing' : conversion from 'size_t' to 'int', possible loss of data
     1>main.cpp(89): warning C4267: 'initializing' : conversion from 'size_t' to 'int', possible loss of data
       Link:
         C:\Program Files (x86)\Microsoft Visual Studio 12.0\VC\bin\x86_amd64\link.exe /ERRORREPORT:PROMPT /OUT:"B:\4.LS\PPS\cvicenia\zadanie\parallel-universe\matrix-multiplication\x64\Release\MatrixMultiplication.exe" /INCREMENTAL:NO /NOLOGO pthreadVC2.lib kernel32.lib user32.lib gdi32.lib winspool.lib comdlg32.lib advapi32.lib shell32.lib ole32.lib oleaut32.lib uuid.lib odbc32.lib odbccp32.lib /MANIFEST /MANIFESTUAC:"level='asInvoker' uiAccess='false'" /manifest:embed /DEBUG /PDB:"B:\4.LS\PPS\cvicenia\zadanie\parallel-universe\matrix-multiplication\x64\Release\MatrixMultiplication.pdb" /SUBSYSTEM:CONSOLE /OPT:REF /OPT:ICF /LTCG /TLBID:1 /DYNAMICBASE /NXCOMPAT /IMPLIB:"B:\4.LS\PPS\cvicenia\zadanie\parallel-universe\matrix-multiplication\x64\Release\MatrixMultiplication.lib" /MACHINE:X64 x64\Release\main.obj
         Generating code
         Finished generating code
         MatrixMultiplication.vcxproj -> B:\4.LS\PPS\cvicenia\zadanie\parallel-universe\matrix-multiplication\x64\Release\MatrixMultiplication.exe
     1>Done Building Project "B:\4.LS\PPS\cvicenia\zadanie\parallel-universe\matrix-multiplication\MatrixMultiplication\MatrixMultiplication.vcxproj" (Build target(s)).

Build succeeded.

Time Elapsed 00:00:01.68
